\BOOKMARK [0][-]{chapter.1}{Introduction}{}% 1
\BOOKMARK [1][-]{section.1.1}{The\040Accent\040of\040Vedic\040Sanskrit}{chapter.1}% 2
\BOOKMARK [0][-]{chapter.2}{Systems\040of\040Marking\040Vedic\040Accent}{}% 3
\BOOKMARK [1][-]{section.2.1}{R̥gveda System}{chapter.2}% 4
\BOOKMARK [1][-]{section.2.2}{Sāmaveda System}{chapter.2}% 5
\BOOKMARK [1][-]{section.2.3}{Śatapatha Brāhmaṇa System}{chapter.2}% 6
\BOOKMARK [1][-]{section.2.4}{Böhtlingk & Roth System}{chapter.2}% 7
\BOOKMARK [1][-]{section.2.5}{ISO\04015919\040System}{chapter.2}% 8
\BOOKMARK [0][-]{chapter.3}{Encoding}{}% 9
\BOOKMARK [1][-]{section.3.1}{Unicode}{chapter.3}% 10
\BOOKMARK [1][-]{section.3.2}{SLP1}{chapter.3}% 11
\BOOKMARK [0][-]{chapter.4}{Accent\040marking\040in\040Sanskrit\040Dictionaries}{}% 12
\BOOKMARK [1][-]{section.4.1}{Böhtlingk & Roth Sanskrit-Wörterbuch \(1855-1875\)}{chapter.4}% 13
\BOOKMARK [1][-]{section.4.2}{Monier-Williams\040Sanskrit-English\040Dictionary\040\(1872/1899\)}{chapter.4}% 14
\BOOKMARK [1][-]{section.4.3}{Grassmann Wörterbuch zum Rig Veda \(1873\)}{chapter.4}% 15
\BOOKMARK [1][-]{section.4.4}{Cappeller Sanskrit Wörterbuch \(1887\) & Sanskrit-English Dictionary \(1891\)}{chapter.4}% 16
\BOOKMARK [1][-]{section.4.5}{Macdonell\040Sanskrit-English\040Dictionary\040\(1893\)}{chapter.4}% 17
\BOOKMARK [1][-]{section.4.6}{Schmidt Nachträge zum Sanskrit-Wörterbuch \(1928\)}{chapter.4}% 18
\BOOKMARK [1][-]{section.4.7}{Summary}{chapter.4}% 19
\BOOKMARK [0][-]{chapter.5}{Principles\040applied\040in\040the\040TEI\040CSL}{}% 20
